<?xml version="1.0" encoding="UTF-8"?>
<!-- Generated by org.testng.reporters.JUnitReportReporter -->
<testsuite hostname="Priya" failures="0" tests="1" name="Test.RegisterTest" time="11.208" errors="0" timestamp="2022-11-21T17:31:02 PST" skipped="0">
  <testcase classname="Test.RegisterTest" name="Register" time="11.208"/>
  <system-out>
Clicked on Register link Clicked on radiobutton Entered firstrname Entered Last name Entered Email Password Entered password is confirmed clicked on register button  </system-out>
</testsuite> <!-- Test.RegisterTest -->
