<?xml version="1.0" encoding="UTF-8"?>
<!-- Generated by org.testng.reporters.JUnitReportReporter -->
<testsuite hostname="Priya" failures="0" tests="2" name="Test.ApparelAndShoesTest" time="29.160" errors="0" timestamp="2022-11-21T17:31:02 PST" skipped="0">
  <testcase classname="Test.ApparelAndShoesTest" name="shopping" time="7.624"/>
  <system-out>
Shopping cart text should be displayed Country is selected Zip postel code is entered Checkbox is checked check out page is diplayed checkout page is displayed Billing address is successfull clicked on instore pick up Shipping is successfull Payment methodn is successfull Payment info is successfull Ordfer is confirm Thank you page is displayed home page should be displayed  </system-out>
  <testcase classname="Test.ApparelAndShoesTest" name="Apparelandshoes" time="21.536"/>
  <system-out>
Login page is displayed Email id is entered Password is entered Clicked on Login button Homepage is displayed apparel and shoes page is diplayed By default position option should be displyed in sort by dropdown By default grid option should be diplayed in view as dropdown By default 8 should be diplayed in display dropdown product is displayed Product name should be displayed By default small should be displaed in size dropdown By default 1 should be displayed in qty textfield Product is added to cart  msg should be displayed  </system-out>
</testsuite> <!-- Test.ApparelAndShoesTest -->
