<?xml version="1.0" encoding="UTF-8"?>
<!-- Generated by org.testng.reporters.JUnitReportReporter -->
<testsuite hostname="Priya" failures="0" tests="1" name="Test.LoginTest" time="4.045" errors="0" timestamp="2022-11-16T14:40:12 PST" skipped="0">
  <testcase classname="Test.LoginTest" name="login" time="4.045"/>
  <system-out/>
</testsuite> <!-- Test.LoginTest -->
