<?xml version="1.0" encoding="UTF-8"?>
<!-- Generated by org.testng.reporters.JUnitReportReporter -->
<testsuite hostname="Priya" failures="0" tests="1" name="Test.LoginTest" time="4.808" errors="0" timestamp="2022-11-17T11:41:19 PST" skipped="0">
  <testcase classname="Test.LoginTest" name="login" time="4.808"/>
  <system-out>
Login page is displayed Email id is entered Password is entered Clicked on Login button  </system-out>
</testsuite> <!-- Test.LoginTest -->
