<?xml version="1.0" encoding="UTF-8"?>
<!-- Generated by org.testng.reporters.JUnitReportReporter -->
<testsuite hostname="Priya" failures="0" tests="1" name="Test.HomeTest" time="1.534" errors="0" timestamp="2022-11-17T11:59:02 PST" skipped="0">
  <testcase classname="Test.HomeTest" name="Home" time="1.534"/>
  <system-out/>
</testsuite> <!-- Test.HomeTest -->
