<?xml version="1.0" encoding="UTF-8"?>
<!-- Generated by org.testng.reporters.JUnitReportReporter -->
<testsuite hostname="Priya" failures="0" tests="1" name="Test.RegisterTest" time="2.947" errors="0" timestamp="2022-11-16T13:02:35 PST" skipped="0">
  <testcase classname="Test.RegisterTest" name="Register" time="2.947"/>
  <system-out/>
</testsuite> <!-- Test.RegisterTest -->
